SmartChat/app/build/outputs/logs/manifest-merger-debug-report.txt
-- Merging decision tree log ---
manifest
ADDED from src\main\AndroidManifest.xml:2:1-32:12
	package
		ADDED from src\main\AndroidManifest.xml:3:2-36
		INJECTED from src\main\AndroidManifest.xml
		INJECTED from src\main\AndroidManifest.xml
	android:versionName
		ADDED from src\main\AndroidManifest.xml:5:2-27
		INJECTED from src\main\AndroidManifest.xml
		INJECTED from src\main\AndroidManifest.xml
	android:versionCode
		ADDED from src\main\AndroidManifest.xml:4:2-25
		INJECTED from src\main\AndroidManifest.xml
		INJECTED from src\main\AndroidManifest.xml
	xmlns:android
		ADDED from src\main\AndroidManifest.xml:2:11-69
uses-sdk
ADDED from src\main\AndroidManifest.xml:6:2-8:35
MERGED from [com.android.support:support-v4:20.0.0] AndroidManifest.xml:16:5-42
	android:targetSdkVersion
		ADDED from src\main\AndroidManifest.xml:8:3-32
		INJECTED from src\main\AndroidManifest.xml
		INJECTED from src\main\AndroidManifest.xml
	android:minSdkVersion
		ADDED from src\main\AndroidManifest.xml:7:3-28
		INJECTED from src\main\AndroidManifest.xml
		INJECTED from src\main\AndroidManifest.xml
uses-permission#android.permission.INTERNET
ADDED from src\main\AndroidManifest.xml:9:2-64
	android:name
		ADDED from src\main\AndroidManifest.xml:9:19-61
application
ADDED from src\main\AndroidManifest.xml:10:2-31:16
MERGED from [com.android.support:support-v4:20.0.0] AndroidManifest.xml:17:5-19
	android:label
		ADDED from src\main\AndroidManifest.xml:13:3-35
	android:allowBackup
		ADDED from src\main\AndroidManifest.xml:11:3-29
	android:icon
		ADDED from src\main\AndroidManifest.xml:12:3-31
	android:theme
		ADDED from src\main\AndroidManifest.xml:14:3-34
activity#com.feigezhou.tulingdemo.MainActivity
ADDED from src\main\AndroidManifest.xml:15:3-18:14
	android:label
		ADDED from src\main\AndroidManifest.xml:17:4-36
	android:name
		ADDED from src\main\AndroidManifest.xml:16:4-56
activity#com.feigezhou.tulingdemo.AboutActivity
ADDED from src\main\AndroidManifest.xml:19:3-20:14
	android:name
		ADDED from src\main\AndroidManifest.xml:19:13-66
activity#com.feigezhou.tulingdemo.LoginActivity
ADDED from src\main\AndroidManifest.xml:21:3-22:14
	android:name
		ADDED from src\main\AndroidManifest.xml:21:13-66
activity#com.feigezhou.tulingdemo.LogoActivity
ADDED from src\main\AndroidManifest.xml:23:3-24:14
	android:name
		ADDED from src\main\AndroidManifest.xml:23:13-65
activity#com.feigezhou.tulingdemo.WelcomeActivity
ADDED from src\main\AndroidManifest.xml:25:3-30:14
	android:name
		ADDED from src\main\AndroidManifest.xml:25:13-68
intent-filter#android.intent.action.MAIN+android.intent.category.LAUNCHER
ADDED from src\main\AndroidManifest.xml:26:4-29:20
action#android.intent.action.MAIN
ADDED from src\main\AndroidManifest.xml:27:5-57
	android:name
		ADDED from src\main\AndroidManifest.xml:27:13-54
category#android.intent.category.LAUNCHER
ADDED from src\main\AndroidManifest.xml:28:5-65
	android:name
		ADDED from src\main\AndroidManifest.xml:28:15-62